<?xml version="1.0" encoding="UTF-8"?>
<!-- Generated by org.testng.reporters.JUnitXMLReporter -->
<testsuite hostname="LAPTOP-Q5B7G7L1" name="Test" tests="4" failures="0" timestamp="27 Dec 2018 13:06:48 GMT" time="67.784" errors="0">
  <testcase name="basePageNavigation" time="0.077" classname="com.mavenfirst.app.ValidateNavBar"/>
  <testcase name="basePageNavigation" time="16.603" classname="com.mavenfirst.app.HomePage"/>
  <testcase name="basePageNavigation" time="8.69" classname="com.mavenfirst.app.HomePage"/>
  <testcase name="basePageNavigation" time="0.083" classname="com.mavenfirst.app.Validatetile"/>
</testsuite> <!-- Test -->
