<?xml version="1.0" encoding="UTF-8"?>
<!-- Generated by org.testng.reporters.JUnitXMLReporter -->
<testsuite hostname="LAPTOP-Q5B7G7L1" name="VAlidating Title" tests="1" failures="1" timestamp="16 Jan 2019 17:49:59 GMT" time="35.313" errors="0">
  <testcase name="basePageNavigation" time="0.061" classname="com.mavenfirst.app.Validatetile">
    <failure type="java.lang.AssertionError" message="expected [FEATURED COURSES123] but found [FEATURED COURSES]">
      <![CDATA[java.lang.AssertionError: expected [FEATURED COURSES123] but found [FEATURED COURSES]
	at com.mavenfirst.app.Validatetile.basePageNavigation(Validatetile.java:32)
... Removed 29 stack frames]]>
    </failure>
  </testcase> <!-- basePageNavigation -->
</testsuite> <!-- VAlidating Title -->
