<?xml version="1.0" encoding="UTF-8"?>
<!-- Generated by org.testng.reporters.JUnitXMLReporter -->
<testsuite hostname="LAPTOP-Q5B7G7L1" name="Test" tests="4" failures="0" timestamp="27 Dec 2018 20:55:10 GMT" time="41.648" errors="0">
  <testcase name="basePageNavigation" time="0.069" classname="com.mavenfirst.app.ValidateNavBar"/>
  <testcase name="basePageNavigation" time="12.853" classname="com.mavenfirst.app.HomePage"/>
  <testcase name="basePageNavigation" time="3.682" classname="com.mavenfirst.app.HomePage"/>
  <testcase name="basePageNavigation" time="0.048" classname="com.mavenfirst.app.Validatetile"/>
</testsuite> <!-- Test -->
